#
# There is insufficient memory for the Java Runtime Environment to continue.
# Native memory allocation (malloc) failed to allocate 1602736 bytes for Chunk::new
# Possible reasons:
#   The system is out of physical RAM or swap space
#   The process is running with CompressedOops enabled, and the Java Heap may be blocking the growth of the native heap
# Possible solutions:
#   Reduce memory load on the system
#   Increase physical memory or swap space
#   Check if swap backing store is full
#   Decrease Java heap size (-Xmx/-Xms)
#   Decrease number of Java threads
#   Decrease Java thread stack sizes (-Xss)
#   Set larger code cache with -XX:ReservedCodeCacheSize=
#   JVM is running with Unscaled Compressed Oops mode in which the Java heap is
#     placed in the first 4GB address space. The Java Heap base address is the
#     maximum limit for the native heap growth. Please use -XX:HeapBaseMinAddress
#     to set the Java Heap base and to place the Java Heap above 4GB virtual address.
# This output file may be truncated or incomplete.
#
#  Out of Memory Error (t:/workspace/open/src/hotspot/share/memory/arena.cpp:197), pid=33036, tid=34128
#
# JRE version: Java(TM) SE Runtime Environment (11.0.1+13) (build 11.0.1+13-LTS)
# Java VM: Java HotSpot(TM) 64-Bit Server VM (11.0.1+13-LTS, mixed mode, tiered, compressed oops, g1 gc, windows-amd64)
# No core dump will be written. Minidumps are not enabled by default on client versions of Windows
#

---------------  S U M M A R Y ------------

Command Line: --add-opens=java.base/java.util=ALL-UNNAMED --add-opens=java.base/java.lang=ALL-UNNAMED --add-opens=java.base/java.lang.invoke=ALL-UNNAMED --add-opens=java.base/java.util=ALL-UNNAMED --add-opens=java.prefs/java.util.prefs=ALL-UNNAMED --add-opens=java.prefs/java.util.prefs=ALL-UNNAMED --add-opens=java.base/java.nio.charset=ALL-UNNAMED --add-opens=java.base/java.net=ALL-UNNAMED --add-opens=java.base/java.util.concurrent.atomic=ALL-UNNAMED -Xmx2048m -Dfile.encoding=utf-8 -Duser.country=CN -Duser.language=zh -Duser.variant org.gradle.launcher.daemon.bootstrap.GradleDaemon 7.5.1

Host: Intel(R) Core(TM) i7-10750H CPU @ 2.60GHz, 12 cores, 15G,  Windows 10 , 64 bit Build 19041 (10.0.19041.2251)
Time: Thu Dec  8 21:49:12 2022 中国标准时间 elapsed time: 5 seconds (0d 0h 0m 5s)

---------------  T H R E A D  ---------------

Current thread (0x000001d8b4344000):  JavaThread "C2 CompilerThread1" daemon [_thread_in_native, id=34128, stack(0x0000004c05800000,0x0000004c05900000)]


Current CompileTask:
C2:   5649 2200   !   4       java.net.URLClassLoader$1::run (63 bytes)

Stack: [0x0000004c05800000,0x0000004c05900000]
Native frames: (J=compiled Java code, j=interpreted, Vv=VM code, C=native code)
V  [jvm.dll+0x63c21a]
V  [jvm.dll+0x7797df]
V  [jvm.dll+0x77adca]
V  [jvm.dll+0x77b483]
V  [jvm.dll+0x2627f8]
V  [jvm.dll+0xc5c71]
V  [jvm.dll+0xc61fc]
V  [jvm.dll+0x36f8a7]
V  [jvm.dll+0x1ad7a1]
V  [jvm.dll+0x21c8d2]
V  [jvm.dll+0x21b96a]
V  [jvm.dll+0x198390]
V  [jvm.dll+0x22a97f]
V  [jvm.dll+0x228f98]
V  [jvm.dll+0x73f03d]
V  [jvm.dll+0x63b2b2]
C  [ucrtbase.dll+0x21bb2]
C  [KERNEL32.DLL+0x174b4]
C  [ntdll.dll+0x526a1]


---------------  P R O C E S S  ---------------

Threads class SMR info:
_java_thread_list=0x000001d8b61d9fb0, length=39, elements={
0x000001d8936b3800, 0x000001d8b37fa000, 0x000001d8b3803800, 0x000001d8b3872800,
0x000001d8b3873000, 0x000001d8b3875800, 0x000001d8b3878800, 0x000001d8b3879800,
0x000001d8b39e9000, 0x000001d8b3a28000, 0x000001d8b5a91000, 0x000001d8b4811000,
0x000001d8b5bba000, 0x000001d8b6361800, 0x000001d8b6feb000, 0x000001d8b588c800,
0x000001d8b636a800, 0x000001d8b636b000, 0x000001d8b6442000, 0x000001d8b6442800,
0x000001d8b697f800, 0x000001d8b6981000, 0x000001d8b6986000, 0x000001d8b4344000,
0x000001d8b6982000, 0x000001d8b6980000, 0x000001d8b6983800, 0x000001d8b6985000,
0x000001d8b6982800, 0x000001d8b6984800, 0x000001d8b9286800, 0x000001d8b928a000,
0x000001d8b9289000, 0x000001d8b9288800, 0x000001d8b9286000, 0x000001d8b928b000,
0x000001d8b9285000, 0x000001d8b928c800, 0x000001d8b6139800
}

Java Threads: ( => current thread )
  0x000001d8936b3800 JavaThread "main" [_thread_blocked, id=15828, stack(0x0000004c02f00000,0x0000004c03000000)]
  0x000001d8b37fa000 JavaThread "Reference Handler" daemon [_thread_blocked, id=14260, stack(0x0000004c03600000,0x0000004c03700000)]
  0x000001d8b3803800 JavaThread "Finalizer" daemon [_thread_blocked, id=35572, stack(0x0000004c03700000,0x0000004c03800000)]
  0x000001d8b3872800 JavaThread "Signal Dispatcher" daemon [_thread_blocked, id=35260, stack(0x0000004c03800000,0x0000004c03900000)]
  0x000001d8b3873000 JavaThread "Attach Listener" daemon [_thread_blocked, id=32068, stack(0x0000004c03900000,0x0000004c03a00000)]
  0x000001d8b3875800 JavaThread "C2 CompilerThread0" daemon [_thread_in_native, id=2668, stack(0x0000004c03a00000,0x0000004c03b00000)]
  0x000001d8b3878800 JavaThread "C1 CompilerThread0" daemon [_thread_in_vm, id=38860, stack(0x0000004c03b00000,0x0000004c03c00000)]
  0x000001d8b3879800 JavaThread "Sweeper thread" daemon [_thread_blocked, id=36796, stack(0x0000004c03c00000,0x0000004c03d00000)]
  0x000001d8b39e9000 JavaThread "Common-Cleaner" daemon [_thread_blocked, id=13836, stack(0x0000004c03d00000,0x0000004c03e00000)]
  0x000001d8b3a28000 JavaThread "Service Thread" daemon [_thread_blocked, id=15792, stack(0x0000004c03e00000,0x0000004c03f00000)]
  0x000001d8b5a91000 JavaThread "Daemon health stats" [_thread_blocked, id=20880, stack(0x0000004c04700000,0x0000004c04800000)]
  0x000001d8b4811000 JavaThread "Incoming local TCP Connector on port 61003" [_thread_in_native, id=38544, stack(0x0000004c04500000,0x0000004c04600000)]
  0x000001d8b5bba000 JavaThread "Daemon periodic checks" [_thread_blocked, id=16212, stack(0x0000004c04600000,0x0000004c04700000)]
  0x000001d8b6361800 JavaThread "Daemon" [_thread_blocked, id=17936, stack(0x0000004c04800000,0x0000004c04900000)]
  0x000001d8b6feb000 JavaThread "Handler for socket connection from /127.0.0.1:61003 to /127.0.0.1:61004" [_thread_in_native, id=34380, stack(0x0000004c04900000,0x0000004c04a00000)]
  0x000001d8b588c800 JavaThread "Cancel handler" [_thread_blocked, id=18464, stack(0x0000004c04a00000,0x0000004c04b00000)]
  0x000001d8b636a800 JavaThread "Daemon worker" [_thread_blocked, id=38620, stack(0x0000004c04b00000,0x0000004c04c00000)]
  0x000001d8b636b000 JavaThread "Asynchronous log dispatcher for DefaultDaemonConnection: socket connection from /127.0.0.1:61003 to /127.0.0.1:61004" [_thread_blocked, id=35760, stack(0x0000004c04c00000,0x0000004c04d00000)]
  0x000001d8b6442000 JavaThread "Stdin handler" [_thread_blocked, id=35636, stack(0x0000004c04d00000,0x0000004c04e00000)]
  0x000001d8b6442800 JavaThread "Daemon client event forwarder" [_thread_blocked, id=38104, stack(0x0000004c04e00000,0x0000004c04f00000)]
  0x000001d8b697f800 JavaThread "Cache worker for journal cache (D:\software\gradle\repository\caches\journal-1)" [_thread_blocked, id=36296, stack(0x0000004c04f00000,0x0000004c05000000)]
  0x000001d8b6981000 JavaThread "File lock request listener" [_thread_in_native, id=32284, stack(0x0000004c05000000,0x0000004c05100000)]
  0x000001d8b6986000 JavaThread "Cache worker for file hash cache (D:\software\gradle\repository\caches\7.5.1\fileHashes)" [_thread_blocked, id=33724, stack(0x0000004c05700000,0x0000004c05800000)]
=>0x000001d8b4344000 JavaThread "C2 CompilerThread1" daemon [_thread_in_native, id=34128, stack(0x0000004c05800000,0x0000004c05900000)]
  0x000001d8b6982000 JavaThread "File watcher server" daemon [_thread_in_native, id=36640, stack(0x0000004c05900000,0x0000004c05a00000)]
  0x000001d8b6980000 JavaThread "File watcher consumer" daemon [_thread_blocked, id=37836, stack(0x0000004c05a00000,0x0000004c05b00000)]
  0x000001d8b6983800 JavaThread "jar transforms" [_thread_blocked, id=36256, stack(0x0000004c05b00000,0x0000004c05c00000)]
  0x000001d8b6985000 JavaThread "jar transforms Thread 2" [_thread_blocked, id=27656, stack(0x0000004c05c00000,0x0000004c05d00000)]
  0x000001d8b6982800 JavaThread "jar transforms Thread 3" [_thread_blocked, id=15436, stack(0x0000004c05d00000,0x0000004c05e00000)]
  0x000001d8b6984800 JavaThread "jar transforms Thread 4" [_thread_blocked, id=16776, stack(0x0000004c05e00000,0x0000004c05f00000)]
  0x000001d8b9286800 JavaThread "jar transforms Thread 5" [_thread_blocked, id=3360, stack(0x0000004c05f00000,0x0000004c06000000)]
  0x000001d8b928a000 JavaThread "jar transforms Thread 6" [_thread_blocked, id=11432, stack(0x0000004c06000000,0x0000004c06100000)]
  0x000001d8b9289000 JavaThread "jar transforms Thread 7" [_thread_blocked, id=36624, stack(0x0000004c06100000,0x0000004c06200000)]
  0x000001d8b9288800 JavaThread "jar transforms Thread 8" [_thread_blocked, id=32184, stack(0x0000004c06200000,0x0000004c06300000)]
  0x000001d8b9286000 JavaThread "jar transforms Thread 9" [_thread_blocked, id=37160, stack(0x0000004c06300000,0x0000004c06400000)]
  0x000001d8b928b000 JavaThread "jar transforms Thread 10" [_thread_blocked, id=29816, stack(0x0000004c06400000,0x0000004c06500000)]
  0x000001d8b9285000 JavaThread "jar transforms Thread 11" [_thread_blocked, id=38188, stack(0x0000004c06500000,0x0000004c06600000)]
  0x000001d8b928c800 JavaThread "jar transforms Thread 12" [_thread_blocked, id=836, stack(0x0000004c06600000,0x0000004c06700000)]
  0x000001d8b6139800 JavaThread "C2 CompilerThread2" daemon [_thread_in_native, id=38372, stack(0x0000004c06700000,0x0000004c06800000)]

Other Threads:
  0x000001d8b37f8800 VMThread "VM Thread" [stack: 0x0000004c03500000,0x0000004c03600000] [id=6212]
  0x000001d8b3a32800 WatcherThread [stack: 0x0000004c03f00000,0x0000004c04000000] [id=36036]
  0x000001d8936cc000 GCTaskThread "GC Thread#0" [stack: 0x0000004c03000000,0x0000004c03100000] [id=36268]
  0x000001d8b3e87000 GCTaskThread "GC Thread#1" [stack: 0x0000004c04000000,0x0000004c04100000] [id=34092]
  0x000001d8b41fb000 GCTaskThread "GC Thread#2" [stack: 0x0000004c04100000,0x0000004c04200000] [id=35416]
  0x000001d8b3d4a000 GCTaskThread "GC Thread#3" [stack: 0x0000004c04200000,0x0000004c04300000] [id=36556]
  0x000001d8b44c1000 GCTaskThread "GC Thread#4" [stack: 0x0000004c04300000,0x0000004c04400000] [id=35272]
  0x000001d8b455f800 GCTaskThread "GC Thread#5" [stack: 0x0000004c04400000,0x0000004c04500000] [id=35888]
  0x000001d8b5159800 GCTaskThread "GC Thread#6" [stack: 0x0000004c05100000,0x0000004c05200000] [id=19564]
  0x000001d8b4f95800 GCTaskThread "GC Thread#7" [stack: 0x0000004c05200000,0x0000004c05300000] [id=36832]
  0x000001d8b5cd1800 GCTaskThread "GC Thread#8" [stack: 0x0000004c05300000,0x0000004c05400000] [id=34364]
  0x000001d8b4ed0000 GCTaskThread "GC Thread#9" [stack: 0x0000004c05400000,0x0000004c05500000] [id=36632]
  0x000001d893700000 ConcurrentGCThread "G1 Main Marker" [stack: 0x0000004c03100000,0x0000004c03200000] [id=34880]
  0x000001d893701000 ConcurrentGCThread "G1 Conc#0" [stack: 0x0000004c03200000,0x0000004c03300000] [id=36280]
  0x000001d8b46b3000 ConcurrentGCThread "G1 Conc#1" [stack: 0x0000004c05500000,0x0000004c05600000] [id=37764]
  0x000001d8b4572800 ConcurrentGCThread "G1 Conc#2" [stack: 0x0000004c05600000,0x0000004c05700000] [id=10420]
  0x000001d8b2e46800 ConcurrentGCThread "G1 Refine#0" [stack: 0x0000004c03300000,0x0000004c03400000] [id=11860]
  0x000001d8b2e47800 ConcurrentGCThread "G1 Young RemSet Sampling" [stack: 0x0000004c03400000,0x0000004c03500000] [id=34612]

Threads with active compile tasks:
C2 CompilerThread02482   !   4       java.lang.ClassLoader::loadClass (122 bytes)
C2 CompilerThread12200   !   4       java.net.URLClassLoader$1::run (63 bytes)
C2 CompilerThread22428   !   4       java.net.URL::<init> (543 bytes)

VM state:not at safepoint (normal execution)

VM Mutex/Monitor currently owned by a thread: None

Heap address: 0x0000000080000000, size: 2048 MB, Compressed Oops mode: 32-bit
Narrow klass base: 0x0000000000000000, Narrow klass shift: 3
Compressed class space size: 1073741824 Address: 0x0000000100000000

Heap:
 garbage-first heap   total 262144K, used 72403K [0x0000000080000000, 0x0000000100000000)
  region size 1024K, 48 young (49152K), 2 survivors (2048K)
 Metaspace       used 27936K, capacity 28841K, committed 29104K, reserved 1075200K
  class space    used 3698K, capacity 4027K, committed 4096K, reserved 1048576K
Heap Regions: E=young(eden), S=young(survivor), O=old, HS=humongous(starts), HC=humongous(continues), CS=collection set, F=free, A=archive, TAMS=top-at-mark-start (previous, next)
|   0|0x0000000080000000, 0x0000000080100000, 0x0000000080100000|100%| O|  |TAMS 0x0000000080000000, 0x0000000080000000| Untracked 
|   1|0x0000000080100000, 0x0000000080200000, 0x0000000080200000|100%| O|  |TAMS 0x0000000080100000, 0x0000000080100000| Untracked 
|   2|0x0000000080200000, 0x0000000080300000, 0x0000000080300000|100%| O|  |TAMS 0x0000000080200000, 0x0000000080200000| Untracked 
|   3|0x0000000080300000, 0x0000000080400000, 0x0000000080400000|100%|HS|  |TAMS 0x0000000080400000, 0x0000000080300000| Complete 
|   4|0x0000000080400000, 0x0000000080500000, 0x0000000080500000|100%|HC|  |TAMS 0x0000000080500000, 0x0000000080400000| Complete 
|   5|0x0000000080500000, 0x0000000080600000, 0x0000000080600000|100%|HC|  |TAMS 0x0000000080600000, 0x0000000080500000| Complete 
|   6|0x0000000080600000, 0x0000000080700000, 0x0000000080700000|100%| O|  |TAMS 0x0000000080700000, 0x0000000080600000| Untracked 
|   7|0x0000000080700000, 0x0000000080800000, 0x0000000080800000|100%| O|  |TAMS 0x0000000080800000, 0x0000000080700000| Untracked 
|   8|0x0000000080800000, 0x0000000080900000, 0x0000000080900000|100%| O|  |TAMS 0x0000000080900000, 0x0000000080800000| Untracked 
|   9|0x0000000080900000, 0x0000000080a00000, 0x0000000080a00000|100%| O|  |TAMS 0x000000008094bc00, 0x0000000080900000| Untracked 
|  10|0x0000000080a00000, 0x0000000080b00000, 0x0000000080b00000|100%| O|  |TAMS 0x0000000080a00000, 0x0000000080a00000| Untracked 
|  11|0x0000000080b00000, 0x0000000080c00000, 0x0000000080c00000|100%| O|  |TAMS 0x0000000080b00000, 0x0000000080b00000| Untracked 
|  12|0x0000000080c00000, 0x0000000080d00000, 0x0000000080d00000|100%| O|  |TAMS 0x0000000080c00000, 0x0000000080c00000| Untracked 
|  13|0x0000000080d00000, 0x0000000080e00000, 0x0000000080e00000|100%| O|  |TAMS 0x0000000080d00000, 0x0000000080d00000| Untracked 
|  14|0x0000000080e00000, 0x0000000080f00000, 0x0000000080f00000|100%| O|  |TAMS 0x0000000080e00000, 0x0000000080e00000| Untracked 
|  15|0x0000000080f00000, 0x0000000081000000, 0x0000000081000000|100%| O|  |TAMS 0x0000000080f00000, 0x0000000080f00000| Untracked 
|  16|0x0000000081000000, 0x000000008105ae00, 0x0000000081100000| 35%| O|  |TAMS 0x0000000081000000, 0x0000000081000000| Untracked 
|  17|0x0000000081100000, 0x0000000081200000, 0x0000000081200000|100%|HS|  |TAMS 0x0000000081100000, 0x0000000081100000| Complete 
|  18|0x0000000081200000, 0x0000000081300000, 0x0000000081300000|100%|HC|  |TAMS 0x0000000081200000, 0x0000000081200000| Complete 
|  19|0x0000000081300000, 0x0000000081400000, 0x0000000081400000|100%|HS|  |TAMS 0x0000000081300000, 0x0000000081300000| Complete 
|  20|0x0000000081400000, 0x0000000081500000, 0x0000000081500000|100%|HC|  |TAMS 0x0000000081400000, 0x0000000081400000| Complete 
|  21|0x0000000081500000, 0x0000000081600000, 0x0000000081600000|100%|HC|  |TAMS 0x0000000081500000, 0x0000000081500000| Complete 
|  22|0x0000000081600000, 0x0000000081700000, 0x0000000081700000|100%|HS|  |TAMS 0x0000000081600000, 0x0000000081600000| Complete 
|  23|0x0000000081700000, 0x0000000081800000, 0x0000000081800000|100%|HC|  |TAMS 0x0000000081700000, 0x0000000081700000| Complete 
|  24|0x0000000081800000, 0x0000000081900000, 0x0000000081900000|100%|HC|  |TAMS 0x0000000081800000, 0x0000000081800000| Complete 
|  25|0x0000000081900000, 0x0000000081a00000, 0x0000000081a00000|100%|HC|  |TAMS 0x0000000081900000, 0x0000000081900000| Complete 
|  26|0x0000000081a00000, 0x0000000081a00000, 0x0000000081b00000|  0%| F|  |TAMS 0x0000000081a00000, 0x0000000081a00000| Untracked 
|  27|0x0000000081b00000, 0x0000000081b00000, 0x0000000081c00000|  0%| F|  |TAMS 0x0000000081b00000, 0x0000000081b00000| Untracked 
|  28|0x0000000081c00000, 0x0000000081c00000, 0x0000000081d00000|  0%| F|  |TAMS 0x0000000081c00000, 0x0000000081c00000| Untracked 
|  29|0x0000000081d00000, 0x0000000081d00000, 0x0000000081e00000|  0%| F|  |TAMS 0x0000000081d00000, 0x0000000081d00000| Untracked 
|  30|0x0000000081e00000, 0x0000000081e00000, 0x0000000081f00000|  0%| F|  |TAMS 0x0000000081e00000, 0x0000000081e00000| Untracked 
|  31|0x0000000081f00000, 0x0000000081f00000, 0x0000000082000000|  0%| F|  |TAMS 0x0000000081f00000, 0x0000000081f00000| Untracked 
|  32|0x0000000082000000, 0x0000000082000000, 0x0000000082100000|  0%| F|  |TAMS 0x0000000082000000, 0x0000000082000000| Untracked 
|  33|0x0000000082100000, 0x0000000082100000, 0x0000000082200000|  0%| F|  |TAMS 0x0000000082100000, 0x0000000082100000| Untracked 
|  34|0x0000000082200000, 0x0000000082200000, 0x0000000082300000|  0%| F|  |TAMS 0x0000000082200000, 0x0000000082200000| Untracked 
|  35|0x0000000082300000, 0x0000000082300000, 0x0000000082400000|  0%| F|  |TAMS 0x0000000082300000, 0x0000000082300000| Untracked 
|  36|0x0000000082400000, 0x0000000082400000, 0x0000000082500000|  0%| F|  |TAMS 0x0000000082400000, 0x0000000082400000| Untracked 
|  37|0x0000000082500000, 0x0000000082500000, 0x0000000082600000|  0%| F|  |TAMS 0x0000000082500000, 0x0000000082500000| Untracked 
|  38|0x0000000082600000, 0x0000000082600000, 0x0000000082700000|  0%| F|  |TAMS 0x0000000082600000, 0x0000000082600000| Untracked 
|  39|0x0000000082700000, 0x0000000082700000, 0x0000000082800000|  0%| F|  |TAMS 0x0000000082700000, 0x0000000082700000| Untracked 
|  40|0x0000000082800000, 0x0000000082800000, 0x0000000082900000|  0%| F|  |TAMS 0x0000000082800000, 0x0000000082800000| Untracked 
|  41|0x0000000082900000, 0x0000000082900000, 0x0000000082a00000|  0%| F|  |TAMS 0x0000000082900000, 0x0000000082900000| Untracked 
|  42|0x0000000082a00000, 0x0000000082a00000, 0x0000000082b00000|  0%| F|  |TAMS 0x0000000082a00000, 0x0000000082a00000| Untracked 
|  43|0x0000000082b00000, 0x0000000082b00000, 0x0000000082c00000|  0%| F|  |TAMS 0x0000000082b00000, 0x0000000082b00000| Untracked 
|  44|0x0000000082c00000, 0x0000000082c00000, 0x0000000082d00000|  0%| F|  |TAMS 0x0000000082c00000, 0x0000000082c00000| Untracked 
|  45|0x0000000082d00000, 0x0000000082d00000, 0x0000000082e00000|  0%| F|  |TAMS 0x0000000082d00000, 0x0000000082d00000| Untracked 
|  46|0x0000000082e00000, 0x0000000082e00000, 0x0000000082f00000|  0%| F|  |TAMS 0x0000000082e00000, 0x0000000082e00000| Untracked 
|  47|0x0000000082f00000, 0x0000000082f00000, 0x0000000083000000|  0%| F|  |TAMS 0x0000000082f00000, 0x0000000082f00000| Untracked 
|  48|0x0000000083000000, 0x0000000083000000, 0x0000000083100000|  0%| F|  |TAMS 0x0000000083000000, 0x0000000083000000| Untracked 
|  49|0x0000000083100000, 0x0000000083100000, 0x0000000083200000|  0%| F|  |TAMS 0x0000000083100000, 0x0000000083100000| Untracked 
|  50|0x0000000083200000, 0x0000000083200000, 0x0000000083300000|  0%| F|  |TAMS 0x0000000083200000, 0x0000000083200000| Untracked 
|  51|0x0000000083300000, 0x0000000083300000, 0x0000000083400000|  0%| F|  |TAMS 0x0000000083300000, 0x0000000083300000| Untracked 
|  52|0x0000000083400000, 0x0000000083400000, 0x0000000083500000|  0%| F|  |TAMS 0x0000000083400000, 0x0000000083400000| Untracked 
|  53|0x0000000083500000, 0x0000000083500000, 0x0000000083600000|  0%| F|  |TAMS 0x0000000083500000, 0x0000000083500000| Untracked 
|  54|0x0000000083600000, 0x0000000083600000, 0x0000000083700000|  0%| F|  |TAMS 0x0000000083600000, 0x0000000083600000| Untracked 
|  55|0x0000000083700000, 0x0000000083700000, 0x0000000083800000|  0%| F|  |TAMS 0x0000000083700000, 0x0000000083700000| Untracked 
|  56|0x0000000083800000, 0x0000000083800000, 0x0000000083900000|  0%| F|  |TAMS 0x0000000083800000, 0x0000000083800000| Untracked 
|  57|0x0000000083900000, 0x0000000083900000, 0x0000000083a00000|  0%| F|  |TAMS 0x0000000083900000, 0x0000000083900000| Untracked 
|  58|0x0000000083a00000, 0x0000000083a00000, 0x0000000083b00000|  0%| F|  |TAMS 0x0000000083a00000, 0x0000000083a00000| Untracked 
|  59|0x0000000083b00000, 0x0000000083b00000, 0x0000000083c00000|  0%| F|  |TAMS 0x0000000083b00000, 0x0000000083b00000| Untracked 
|  60|0x0000000083c00000, 0x0000000083c00000, 0x0000000083d00000|  0%| F|  |TAMS 0x0000000083c00000, 0x0000000083c00000| Untracked 
|  61|0x0000000083d00000, 0x0000000083d00000, 0x0000000083e00000|  0%| F|  |TAMS 0x0000000083d00000, 0x0000000083d00000| Untracked 
|  62|0x0000000083e00000, 0x0000000083e00000, 0x0000000083f00000|  0%| F|  |TAMS 0x0000000083e00000, 0x0000000083e00000| Untracked 
|  63|0x0000000083f00000, 0x0000000083f00000, 0x0000000084000000|  0%| F|  |TAMS 0x0000000083f00000, 0x0000000083f00000| Untracked 
|  64|0x0000000084000000, 0x0000000084000000, 0x0000000084100000|  0%| F|  |TAMS 0x0000000084000000, 0x0000000084000000| Untracked 
|  65|0x0000000084100000, 0x0000000084100000, 0x0000000084200000|  0%| F|  |TAMS 0x0000000084100000, 0x0000000084100000| Untracked 
|  66|0x0000000084200000, 0x0000000084200000, 0x0000000084300000|  0%| F|  |TAMS 0x0000000084200000, 0x0000000084200000| Untracked 
|  67|0x0000000084300000, 0x0000000084300000, 0x0000000084400000|  0%| F|  |TAMS 0x0000000084300000, 0x0000000084300000| Untracked 
|  68|0x0000000084400000, 0x0000000084400000, 0x0000000084500000|  0%| F|  |TAMS 0x0000000084400000, 0x0000000084400000| Untracked 
|  69|0x0000000084500000, 0x0000000084500000, 0x0000000084600000|  0%| F|  |TAMS 0x0000000084500000, 0x0000000084500000| Untracked 
|  70|0x0000000084600000, 0x0000000084600000, 0x0000000084700000|  0%| F|  |TAMS 0x0000000084600000, 0x0000000084600000| Untracked 
|  71|0x0000000084700000, 0x0000000084700000, 0x0000000084800000|  0%| F|  |TAMS 0x0000000084700000, 0x0000000084700000| Untracked 
|  72|0x0000000084800000, 0x0000000084800000, 0x0000000084900000|  0%| F|  |TAMS 0x0000000084800000, 0x0000000084800000| Untracked 
|  73|0x0000000084900000, 0x0000000084900000, 0x0000000084a00000|  0%| F|  |TAMS 0x0000000084900000, 0x0000000084900000| Untracked 
|  74|0x0000000084a00000, 0x0000000084a00000, 0x0000000084b00000|  0%| F|  |TAMS 0x0000000084a00000, 0x0000000084a00000| Untracked 
|  75|0x0000000084b00000, 0x0000000084b00000, 0x0000000084c00000|  0%| F|  |TAMS 0x0000000084b00000, 0x0000000084b00000| Untracked 
|  76|0x0000000084c00000, 0x0000000084c00000, 0x0000000084d00000|  0%| F|  |TAMS 0x0000000084c00000, 0x0000000084c00000| Untracked 
|  77|0x0000000084d00000, 0x0000000084d00000, 0x0000000084e00000|  0%| F|  |TAMS 0x0000000084d00000, 0x0000000084d00000| Untracked 
|  78|0x0000000084e00000, 0x0000000084e00000, 0x0000000084f00000|  0%| F|  |TAMS 0x0000000084e00000, 0x0000000084e00000| Untracked 
|  79|0x0000000084f00000, 0x0000000084f00000, 0x0000000085000000|  0%| F|  |TAMS 0x0000000084f00000, 0x0000000084f00000| Untracked 
|  80|0x0000000085000000, 0x0000000085000000, 0x0000000085100000|  0%| F|  |TAMS 0x0000000085000000, 0x0000000085000000| Untracked 
|  81|0x0000000085100000, 0x0000000085100000, 0x0000000085200000|  0%| F|  |TAMS 0x0000000085100000, 0x0000000085100000| Untracked 
|  82|0x0000000085200000, 0x0000000085200000, 0x0000000085300000|  0%| F|  |TAMS 0x0000000085200000, 0x0000000085200000| Untracked 
|  83|0x0000000085300000, 0x0000000085300000, 0x0000000085400000|  0%| F|  |TAMS 0x0000000085300000, 0x0000000085300000| Untracked 
|  84|0x0000000085400000, 0x0000000085400000, 0x0000000085500000|  0%| F|  |TAMS 0x0000000085400000, 0x0000000085400000| Untracked 
|  85|0x0000000085500000, 0x0000000085500000, 0x0000000085600000|  0%| F|  |TAMS 0x0000000085500000, 0x0000000085500000| Untracked 
|  86|0x0000000085600000, 0x0000000085600000, 0x0000000085700000|  0%| F|  |TAMS 0x0000000085600000, 0x0000000085600000| Untracked 
|  87|0x0000000085700000, 0x0000000085700000, 0x0000000085800000|  0%| F|  |TAMS 0x0000000085700000, 0x0000000085700000| Untracked 
|  88|0x0000000085800000, 0x0000000085800000, 0x0000000085900000|  0%| F|  |TAMS 0x0000000085800000, 0x0000000085800000| Untracked 
|  89|0x0000000085900000, 0x0000000085900000, 0x0000000085a00000|  0%| F|  |TAMS 0x0000000085900000, 0x0000000085900000| Untracked 
|  90|0x0000000085a00000, 0x0000000085a00000, 0x0000000085b00000|  0%| F|  |TAMS 0x0000000085a00000, 0x0000000085a00000| Untracked 
|  91|0x0000000085b00000, 0x0000000085b00000, 0x0000000085c00000|  0%| F|  |TAMS 0x0000000085b00000, 0x0000000085b00000| Untracked 
|  92|0x0000000085c00000, 0x0000000085c00000, 0x0000000085d00000|  0%| F|  |TAMS 0x0000000085c00000, 0x0000000085c00000| Untracked 
|  93|0x0000000085d00000, 0x0000000085d00000, 0x0000000085e00000|  0%| F|  |TAMS 0x0000000085d00000, 0x0000000085d00000| Untracked 
|  94|0x0000000085e00000, 0x0000000085e00000, 0x0000000085f00000|  0%| F|  |TAMS 0x0000000085e00000, 0x0000000085e00000| Untracked 
|  95|0x0000000085f00000, 0x0000000085f00000, 0x0000000086000000|  0%| F|  |TAMS 0x0000000085f00000, 0x0000000085f00000| Untracked 
|  96|0x0000000086000000, 0x0000000086000000, 0x0000000086100000|  0%| F|  |TAMS 0x0000000086000000, 0x0000000086000000| Untracked 
|  97|0x0000000086100000, 0x0000000086100000, 0x0000000086200000|  0%| F|  |TAMS 0x0000000086100000, 0x0000000086100000| Untracked 
|  98|0x0000000086200000, 0x0000000086200000, 0x0000000086300000|  0%| F|  |TAMS 0x0000000086200000, 0x0000000086200000| Untracked 
|  99|0x0000000086300000, 0x0000000086300000, 0x0000000086400000|  0%| F|  |TAMS 0x0000000086300000, 0x0000000086300000| Untracked 
| 100|0x0000000086400000, 0x0000000086400000, 0x0000000086500000|  0%| F|  |TAMS 0x0000000086400000, 0x0000000086400000| Untracked 
| 101|0x0000000086500000, 0x0000000086500000, 0x0000000086600000|  0%| F|  |TAMS 0x0000000086500000, 0x0000000086500000| Untracked 
| 102|0x0000000086600000, 0x0000000086600000, 0x0000000086700000|  0%| F|  |TAMS 0x0000000086600000, 0x0000000086600000| Untracked 
| 103|0x0000000086700000, 0x0000000086700000, 0x0000000086800000|  0%| F|  |TAMS 0x0000000086700000, 0x0000000086700000| Untracked 
| 104|0x0000000086800000, 0x0000000086800000, 0x0000000086900000|  0%| F|  |TAMS 0x0000000086800000, 0x0000000086800000| Untracked 
| 105|0x0000000086900000, 0x0000000086900000, 0x0000000086a00000|  0%| F|  |TAMS 0x0000000086900000, 0x0000000086900000| Untracked 
| 106|0x0000000086a00000, 0x0000000086a00000, 0x0000000086b00000|  0%| F|  |TAMS 0x0000000086a00000, 0x0000000086a00000| Untracked 
| 107|0x0000000086b00000, 0x0000000086b00000, 0x0000000086c00000|  0%| F|  |TAMS 0x0000000086b00000, 0x0000000086b00000| Untracked 
| 108|0x0000000086c00000, 0x0000000086c00000, 0x0000000086d00000|  0%| F|  |TAMS 0x0000000086c00000, 0x0000000086c00000| Untracked 
| 109|0x0000000086d00000, 0x0000000086d00000, 0x0000000086e00000|  0%| F|  |TAMS 0x0000000086d00000, 0x0000000086d00000| Untracked 
| 110|0x0000000086e00000, 0x0000000086e00000, 0x0000000086f00000|  0%| F|  |TAMS 0x0000000086e00000, 0x0000000086e00000| Untracked 
| 111|0x0000000086f00000, 0x0000000086f00000, 0x0000000087000000|  0%| F|  |TAMS 0x0000000086f00000, 0x0000000086f00000| Untracked 
| 112|0x0000000087000000, 0x0000000087000000, 0x0000000087100000|  0%| F|  |TAMS 0x0000000087000000, 0x0000000087000000| Untracked 
| 113|0x0000000087100000, 0x0000000087100000, 0x0000000087200000|  0%| F|  |TAMS 0x0000000087100000, 0x0000000087100000| Untracked 
| 114|0x0000000087200000, 0x0000000087200000, 0x0000000087300000|  0%| F|  |TAMS 0x0000000087200000, 0x0000000087200000| Untracked 
| 115|0x0000000087300000, 0x0000000087300000, 0x0000000087400000|  0%| F|  |TAMS 0x0000000087300000, 0x0000000087300000| Untracked 
| 116|0x0000000087400000, 0x0000000087400000, 0x0000000087500000|  0%| F|  |TAMS 0x0000000087400000, 0x0000000087400000| Untracked 
| 117|0x0000000087500000, 0x0000000087500000, 0x0000000087600000|  0%| F|  |TAMS 0x0000000087500000, 0x0000000087500000| Untracked 
| 118|0x0000000087600000, 0x0000000087600000, 0x0000000087700000|  0%| F|  |TAMS 0x0000000087600000, 0x0000000087600000| Untracked 
| 119|0x0000000087700000, 0x0000000087700000, 0x0000000087800000|  0%| F|  |TAMS 0x0000000087700000, 0x0000000087700000| Untracked 
| 120|0x0000000087800000, 0x0000000087800000, 0x0000000087900000|  0%| F|  |TAMS 0x0000000087800000, 0x0000000087800000| Untracked 
| 121|0x0000000087900000, 0x0000000087900000, 0x0000000087a00000|  0%| F|  |TAMS 0x0000000087900000, 0x0000000087900000| Untracked 
| 122|0x0000000087a00000, 0x0000000087a00000, 0x0000000087b00000|  0%| F|  |TAMS 0x0000000087a00000, 0x0000000087a00000| Untracked 
| 123|0x0000000087b00000, 0x0000000087b00000, 0x0000000087c00000|  0%| F|  |TAMS 0x0000000087b00000, 0x0000000087b00000| Untracked 
| 124|0x0000000087c00000, 0x0000000087c00000, 0x0000000087d00000|  0%| F|  |TAMS 0x0000000087c00000, 0x0000000087c00000| Untracked 
| 125|0x0000000087d00000, 0x0000000087d00000, 0x0000000087e00000|  0%| F|  |TAMS 0x0000000087d00000, 0x0000000087d00000| Untracked 
| 126|0x0000000087e00000, 0x0000000087e00000, 0x0000000087f00000|  0%| F|  |TAMS 0x0000000087e00000, 0x0000000087e00000| Untracked 
| 127|0x0000000087f00000, 0x0000000087f00000, 0x0000000088000000|  0%| F|  |TAMS 0x0000000087f00000, 0x0000000087f00000| Untracked 
| 128|0x0000000088000000, 0x0000000088000000, 0x0000000088100000|  0%| F|  |TAMS 0x0000000088000000, 0x0000000088000000| Untracked 
| 129|0x0000000088100000, 0x0000000088100000, 0x0000000088200000|  0%| F|  |TAMS 0x0000000088100000, 0x0000000088100000| Untracked 
| 130|0x0000000088200000, 0x0000000088200000, 0x0000000088300000|  0%| F|  |TAMS 0x0000000088200000, 0x0000000088200000| Untracked 
| 131|0x0000000088300000, 0x0000000088300000, 0x0000000088400000|  0%| F|  |TAMS 0x0000000088300000, 0x0000000088300000| Untracked 
| 132|0x0000000088400000, 0x0000000088400000, 0x0000000088500000|  0%| F|  |TAMS 0x0000000088400000, 0x0000000088400000| Untracked 
| 133|0x0000000088500000, 0x0000000088500000, 0x0000000088600000|  0%| F|  |TAMS 0x0000000088500000, 0x0000000088500000| Untracked 
| 134|0x0000000088600000, 0x0000000088600000, 0x0000000088700000|  0%| F|  |TAMS 0x0000000088600000, 0x0000000088600000| Untracked 
| 135|0x0000000088700000, 0x0000000088700000, 0x0000000088800000|  0%| F|  |TAMS 0x0000000088700000, 0x0000000088700000| Untracked 
| 136|0x0000000088800000, 0x0000000088800000, 0x0000000088900000|  0%| F|  |TAMS 0x0000000088800000, 0x0000000088800000| Untracked 
| 137|0x0000000088900000, 0x0000000088900000, 0x0000000088a00000|  0%| F|  |TAMS 0x0000000088900000, 0x0000000088900000| Untracked 
| 138|0x0000000088a00000, 0x0000000088a00000, 0x0000000088b00000|  0%| F|  |TAMS 0x0000000088a00000, 0x0000000088a00000| Untracked 
| 139|0x0000000088b00000, 0x0000000088b00000, 0x0000000088c00000|  0%| F|  |TAMS 0x0000000088b00000, 0x0000000088b00000| Untracked 
| 140|0x0000000088c00000, 0x0000000088c00000, 0x0000000088d00000|  0%| F|  |TAMS 0x0000000088c00000, 0x0000000088c00000| Untracked 
| 141|0x0000000088d00000, 0x0000000088d00000, 0x0000000088e00000|  0%| F|  |TAMS 0x0000000088d00000, 0x0000000088d00000| Untracked 
| 142|0x0000000088e00000, 0x0000000088e00000, 0x0000000088f00000|  0%| F|  |TAMS 0x0000000088e00000, 0x0000000088e00000| Untracked 
| 143|0x0000000088f00000, 0x0000000088f00000, 0x0000000089000000|  0%| F|  |TAMS 0x0000000088f00000, 0x0000000088f00000| Untracked 
| 144|0x0000000089000000, 0x0000000089000000, 0x0000000089100000|  0%| F|  |TAMS 0x0000000089000000, 0x0000000089000000| Untracked 
| 145|0x0000000089100000, 0x0000000089100000, 0x0000000089200000|  0%| F|  |TAMS 0x0000000089100000, 0x0000000089100000| Untracked 
| 146|0x0000000089200000, 0x0000000089200000, 0x0000000089300000|  0%| F|  |TAMS 0x0000000089200000, 0x0000000089200000| Untracked 
| 147|0x0000000089300000, 0x0000000089300000, 0x0000000089400000|  0%| F|  |TAMS 0x0000000089300000, 0x0000000089300000| Untracked 
| 148|0x0000000089400000, 0x0000000089400000, 0x0000000089500000|  0%| F|  |TAMS 0x0000000089400000, 0x0000000089400000| Untracked 
| 149|0x0000000089500000, 0x0000000089500000, 0x0000000089600000|  0%| F|  |TAMS 0x0000000089500000, 0x0000000089500000| Untracked 
| 150|0x0000000089600000, 0x0000000089600000, 0x0000000089700000|  0%| F|  |TAMS 0x0000000089600000, 0x0000000089600000| Untracked 
| 151|0x0000000089700000, 0x0000000089700000, 0x0000000089800000|  0%| F|  |TAMS 0x0000000089700000, 0x0000000089700000| Untracked 
| 152|0x0000000089800000, 0x0000000089800000, 0x0000000089900000|  0%| F|  |TAMS 0x0000000089800000, 0x0000000089800000| Untracked 
| 153|0x0000000089900000, 0x0000000089900000, 0x0000000089a00000|  0%| F|  |TAMS 0x0000000089900000, 0x0000000089900000| Untracked 
| 154|0x0000000089a00000, 0x0000000089a00000, 0x0000000089b00000|  0%| F|  |TAMS 0x0000000089a00000, 0x0000000089a00000| Untracked 
| 155|0x0000000089b00000, 0x0000000089b00000, 0x0000000089c00000|  0%| F|  |TAMS 0x0000000089b00000, 0x0000000089b00000| Untracked 
| 156|0x0000000089c00000, 0x0000000089c00000, 0x0000000089d00000|  0%| F|  |TAMS 0x0000000089c00000, 0x0000000089c00000| Untracked 
| 157|0x0000000089d00000, 0x0000000089d00000, 0x0000000089e00000|  0%| F|  |TAMS 0x0000000089d00000, 0x0000000089d00000| Untracked 
| 158|0x0000000089e00000, 0x0000000089e00000, 0x0000000089f00000|  0%| F|  |TAMS 0x0000000089e00000, 0x0000000089e00000| Untracked 
| 159|0x0000000089f00000, 0x0000000089f00000, 0x000000008a000000|  0%| F|  |TAMS 0x0000000089f00000, 0x0000000089f00000| Untracked 
| 160|0x000000008a000000, 0x000000008a000000, 0x000000008a100000|  0%| F|  |TAMS 0x000000008a000000, 0x000000008a000000| Untracked 
| 161|0x000000008a100000, 0x000000008a100000, 0x000000008a200000|  0%| F|  |TAMS 0x000000008a100000, 0x000000008a100000| Untracked 
| 162|0x000000008a200000, 0x000000008a200000, 0x000000008a300000|  0%| F|  |TAMS 0x000000008a200000, 0x000000008a200000| Untracked 
| 163|0x000000008a300000, 0x000000008a300000, 0x000000008a400000|  0%| F|  |TAMS 0x000000008a300000, 0x000000008a300000| Untracked 
| 164|0x000000008a400000, 0x000000008a400000, 0x000000008a500000|  0%| F|  |TAMS 0x000000008a400000, 0x000000008a400000| Untracked 
| 165|0x000000008a500000, 0x000000008a500000, 0x000000008a600000|  0%| F|  |TAMS 0x000000008a500000, 0x000000008a500000| Untracked 
| 166|0x000000008a600000, 0x000000008a600000, 0x000000008a700000|  0%| F|  |TAMS 0x000000008a600000, 0x000000008a600000| Untracked 
| 167|0x000000008a700000, 0x000000008a700000, 0x000000008a800000|  0%| F|  |TAMS 0x000000008a700000, 0x000000008a700000| Untracked 
| 168|0x000000008a800000, 0x000000008a800000, 0x000000008a900000|  0%| F|  |TAMS 0x000000008a800000, 0x000000008a800000| Untracked 
| 169|0x000000008a900000, 0x000000008a900000, 0x000000008aa00000|  0%| F|  |TAMS 0x000000008a900000, 0x000000008a900000| Untracked 
| 170|0x000000008aa00000, 0x000000008aa00000, 0x000000008ab00000|  0%| F|  |TAMS 0x000000008aa00000, 0x000000008aa00000| Untracked 
| 171|0x000000008ab00000, 0x000000008ab00000, 0x000000008ac00000|  0%| F|  |TAMS 0x000000008ab00000, 0x000000008ab00000| Untracked 
| 172|0x000000008ac00000, 0x000000008ac00000, 0x000000008ad00000|  0%| F|  |TAMS 0x000000008ac00000, 0x000000008ac00000| Untracked 
| 173|0x000000008ad00000, 0x000000008ad00000, 0x000000008ae00000|  0%| F|  |TAMS 0x000000008ad00000, 0x000000008ad00000| Untracked 
| 174|0x000000008ae00000, 0x000000008ae00000, 0x000000008af00000|  0%| F|  |TAMS 0x000000008ae00000, 0x000000008ae00000| Untracked 
| 175|0x000000008af00000, 0x000000008af00000, 0x000000008b000000|  0%| F|  |TAMS 0x000000008af00000, 0x000000008af00000| Untracked 
| 176|0x000000008b000000, 0x000000008b000000, 0x000000008b100000|  0%| F|  |TAMS 0x000000008b000000, 0x000000008b000000| Untracked 
| 177|0x000000008b100000, 0x000000008b100000, 0x000000008b200000|  0%| F|  |TAMS 0x000000008b100000, 0x000000008b100000| Untracked 
| 178|0x000000008b200000, 0x000000008b200000, 0x000000008b300000|  0%| F|  |TAMS 0x000000008b200000, 0x000000008b200000| Untracked 
| 179|0x000000008b300000, 0x000000008b300000, 0x000000008b400000|  0%| F|  |TAMS 0x000000008b300000, 0x000000008b300000| Untracked 
| 180|0x000000008b400000, 0x000000008b400000, 0x000000008b500000|  0%| F|  |TAMS 0x000000008b400000, 0x000000008b400000| Untracked 
| 181|0x000000008b500000, 0x000000008b500000, 0x000000008b600000|  0%| F|  |TAMS 0x000000008b500000, 0x000000008b500000| Untracked 
| 182|0x000000008b600000, 0x000000008b600000, 0x000000008b700000|  0%| F|  |TAMS 0x000000008b600000, 0x000000008b600000| Untracked 
| 183|0x000000008b700000, 0x000000008b700000, 0x000000008b800000|  0%| F|  |TAMS 0x000000008b700000, 0x000000008b700000| Untracked 
| 184|0x000000008b800000, 0x000000008b800000, 0x000000008b900000|  0%| F|  |TAMS 0x000000008b800000, 0x000000008b800000| Untracked 
| 185|0x000000008b900000, 0x000000008b900000, 0x000000008ba00000|  0%| F|  |TAMS 0x000000008b900000, 0x000000008b900000| Untracked 
| 186|0x000000008ba00000, 0x000000008ba00000, 0x000000008bb00000|  0%| F|  |TAMS 0x000000008ba00000, 0x000000008ba00000| Untracked 
| 187|0x000000008bb00000, 0x000000008bb00000, 0x000000008bc00000|  0%| F|  |TAMS 0x000000008bb00000, 0x000000008bb00000| Untracked 
| 188|0x000000008bc00000, 0x000000008bc00000, 0x000000008bd00000|  0%| F|  |TAMS 0x000000008bc00000, 0x000000008bc00000| Untracked 
| 189|0x000000008bd00000, 0x000000008bd00000, 0x000000008be00000|  0%| F|  |TAMS 0x000000008bd00000, 0x000000008bd00000| Untracked 
| 190|0x000000008be00000, 0x000000008be00000, 0x000000008bf00000|  0%| F|  |TAMS 0x000000008be00000, 0x000000008be00000| Untracked 
| 191|0x000000008bf00000, 0x000000008bf00000, 0x000000008c000000|  0%| F|  |TAMS 0x000000008bf00000, 0x000000008bf00000| Untracked 
| 192|0x000000008c000000, 0x000000008c000000, 0x000000008c100000|  0%| F|  |TAMS 0x000000008c000000, 0x000000008c000000| Untracked 
| 193|0x000000008c100000, 0x000000008c100000, 0x000000008c200000|  0%| F|  |TAMS 0x000000008c100000, 0x000000008c100000| Untracked 
| 194|0x000000008c200000, 0x000000008c200000, 0x000000008c300000|  0%| F|  |TAMS 0x000000008c200000, 0x000000008c200000| Untracked 
| 195|0x000000008c300000, 0x000000008c300000, 0x000000008c400000|  0%| F|  |TAMS 0x000000008c300000, 0x000000008c300000| Untracked 
| 196|0x000000008c400000, 0x000000008c400000, 0x000000008c500000|  0%| F|  |TAMS 0x000000008c400000, 0x000000008c400000| Untracked 
| 197|0x000000008c500000, 0x000000008c500000, 0x000000008c600000|  0%| F|  |TAMS 0x000000008c500000, 0x000000008c500000| Untracked 
| 198|0x000000008c600000, 0x000000008c600000, 0x000000008c700000|  0%| F|  |TAMS 0x000000008c600000, 0x000000008c600000| Untracked 
| 199|0x000000008c700000, 0x000000008c700000, 0x000000008c800000|  0%| F|  |TAMS 0x000000008c700000, 0x000000008c700000| Untracked 
| 200|0x000000008c800000, 0x000000008c800000, 0x000000008c900000|  0%| F|  |TAMS 0x000000008c800000, 0x000000008c800000| Untracked 
| 201|0x000000008c900000, 0x000000008c900000, 0x000000008ca00000|  0%| F|  |TAMS 0x000000008c900000, 0x000000008c900000| Untracked 
| 202|0x000000008ca00000, 0x000000008ca00000, 0x000000008cb00000|  0%| F|  |TAMS 0x000000008ca00000, 0x000000008ca00000| Untracked 
| 203|0x000000008cb00000, 0x000000008cb00000, 0x000000008cc00000|  0%| F|  |TAMS 0x000000008cb00000, 0x000000008cb00000| Untracked 
| 204|0x000000008cc00000, 0x000000008cc00000, 0x000000008cd00000|  0%| F|  |TAMS 0x000000008cc00000, 0x000000008cc00000| Untracked 
| 205|0x000000008cd00000, 0x000000008cd00000, 0x000000008ce00000|  0%| F|  |TAMS 0x000000008cd00000, 0x000000008cd00000| Untracked 
| 206|0x000000008ce00000, 0x000000008ce80800, 0x000000008cf00000| 50%| E|  |TAMS 0x000000008ce00000, 0x000000008ce00000| Complete 
| 207|0x000000008cf00000, 0x000000008d000000, 0x000000008d000000|100%| E|CS|TAMS 0x000000008cf00000, 0x000000008cf00000| Complete 
| 208|0x000000008d000000, 0x000000008d100000, 0x000000008d100000|100%| E|CS|TAMS 0x000000008d000000, 0x000000008d000000| Complete 
| 209|0x000000008d100000, 0x000000008d200000, 0x000000008d200000|100%| E|CS|TAMS 0x000000008d100000, 0x000000008d100000| Complete 
| 210|0x000000008d200000, 0x000000008d300000, 0x000000008d300000|100%| E|CS|TAMS 0x000000008d200000, 0x000000008d200000| Complete 
| 211|0x000000008d300000, 0x000000008d400000, 0x000000008d400000|100%| E|CS|TAMS 0x000000008d300000, 0x000000008d300000| Complete 
| 212|0x000000008d400000, 0x000000008d500000, 0x000000008d500000|100%| E|  |TAMS 0x000000008d400000, 0x000000008d400000| Complete 
| 213|0x000000008d500000, 0x000000008d600000, 0x000000008d600000|100%| E|CS|TAMS 0x000000008d500000, 0x000000008d500000| Complete 
| 214|0x000000008d600000, 0x000000008d700000, 0x000000008d700000|100%| E|CS|TAMS 0x000000008d600000, 0x000000008d600000| Complete 
| 215|0x000000008d700000, 0x000000008d800000, 0x000000008d800000|100%| E|CS|TAMS 0x000000008d700000, 0x000000008d700000| Complete 
| 216|0x000000008d800000, 0x000000008d900000, 0x000000008d900000|100%| E|CS|TAMS 0x000000008d800000, 0x000000008d800000| Complete 
| 217|0x000000008d900000, 0x000000008da00000, 0x000000008da00000|100%| E|CS|TAMS 0x000000008d900000, 0x000000008d900000| Complete 
| 218|0x000000008da00000, 0x000000008db00000, 0x000000008db00000|100%| E|CS|TAMS 0x000000008da00000, 0x000000008da00000| Complete 
| 219|0x000000008db00000, 0x000000008dc00000, 0x000000008dc00000|100%| E|CS|TAMS 0x000000008db00000, 0x000000008db00000| Complete 
| 220|0x000000008dc00000, 0x000000008dd00000, 0x000000008dd00000|100%| E|CS|TAMS 0x000000008dc00000, 0x000000008dc00000| Complete 
| 221|0x000000008dd00000, 0x000000008de00000, 0x000000008de00000|100%| E|CS|TAMS 0x000000008dd00000, 0x000000008dd00000| Complete 
| 222|0x000000008de00000, 0x000000008df00000, 0x000000008df00000|100%| E|CS|TAMS 0x000000008de00000, 0x000000008de00000| Complete 
| 223|0x000000008df00000, 0x000000008e000000, 0x000000008e000000|100%| E|CS|TAMS 0x000000008df00000, 0x000000008df00000| Complete 
| 224|0x000000008e000000, 0x000000008e05a1c0, 0x000000008e100000| 35%| S|CS|TAMS 0x000000008e000000, 0x000000008e000000| Complete 
| 225|0x000000008e100000, 0x000000008e200000, 0x000000008e200000|100%| S|CS|TAMS 0x000000008e100000, 0x000000008e100000| Complete 
| 226|0x000000008e200000, 0x000000008e300000, 0x000000008e300000|100%| E|CS|TAMS 0x000000008e200000, 0x000000008e200000| Complete 
| 227|0x000000008e300000, 0x000000008e400000, 0x000000008e400000|100%| E|CS|TAMS 0x000000008e300000, 0x000000008e300000| Complete 
| 228|0x000000008e400000, 0x000000008e500000, 0x000000008e500000|100%| E|CS|TAMS 0x000000008e400000, 0x000000008e400000| Complete 
| 229|0x000000008e500000, 0x000000008e600000, 0x000000008e600000|100%| E|CS|TAMS 0x000000008e500000, 0x000000008e500000| Complete 
| 230|0x000000008e600000, 0x000000008e700000, 0x000000008e700000|100%| E|CS|TAMS 0x000000008e600000, 0x000000008e600000| Complete 
| 231|0x000000008e700000, 0x000000008e800000, 0x000000008e800000|100%| E|CS|TAMS 0x000000008e700000, 0x000000008e700000| Complete 
| 232|0x000000008e800000, 0x000000008e900000, 0x000000008e900000|100%| E|CS|TAMS 0x000000008e800000, 0x000000008e800000| Complete 
| 233|0x000000008e900000, 0x000000008ea00000, 0x000000008ea00000|100%| E|CS|TAMS 0x000000008e900000, 0x000000008e900000| Complete 
| 234|0x000000008ea00000, 0x000000008eb00000, 0x000000008eb00000|100%| E|CS|TAMS 0x000000008ea00000, 0x000000008ea00000| Complete 
| 235|0x000000008eb00000, 0x000000008ec00000, 0x000000008ec00000|100%| E|CS|TAMS 0x000000008eb00000, 0x000000008eb00000| Complete 
| 236|0x000000008ec00000, 0x000000008ed00000, 0x000000008ed00000|100%| E|CS|TAMS 0x000000008ec00000, 0x000000008ec00000| Complete 
| 237|0x000000008ed00000, 0x000000008ee00000, 0x000000008ee00000|100%| E|CS|TAMS 0x000000008ed00000, 0x000000008ed00000| Complete 
| 238|0x000000008ee00000, 0x000000008ef00000, 0x000000008ef00000|100%| E|CS|TAMS 0x000000008ee00000, 0x000000008ee00000| Complete 
| 239|0x000000008ef00000, 0x000000008f000000, 0x000000008f000000|100%| E|CS|TAMS 0x000000008ef00000, 0x000000008ef00000| Complete 
| 240|0x000000008f000000, 0x000000008f100000, 0x000000008f100000|100%| E|CS|TAMS 0x000000008f000000, 0x000000008f000000| Complete 
| 241|0x000000008f100000, 0x000000008f200000, 0x000000008f200000|100%| E|CS|TAMS 0x000000008f100000, 0x000000008f100000| Complete 
| 242|0x000000008f200000, 0x000000008f300000, 0x000000008f300000|100%| E|CS|TAMS 0x000000008f200000, 0x000000008f200000| Complete 
| 243|0x000000008f300000, 0x000000008f400000, 0x000000008f400000|100%| E|CS|TAMS 0x000000008f300000, 0x000000008f300000| Complete 
| 244|0x000000008f400000, 0x000000008f500000, 0x000000008f500000|100%| E|CS|TAMS 0x000000008f400000, 0x000000008f400000| Complete 
| 245|0x000000008f500000, 0x000000008f600000, 0x000000008f600000|100%| E|CS|TAMS 0x000000008f500000, 0x000000008f500000| Complete 
| 246|0x000000008f600000, 0x000000008f700000, 0x000000008f700000|100%| E|CS|TAMS 0x000000008f600000, 0x000000008f600000| Complete 
| 247|0x000000008f700000, 0x000000008f800000, 0x000000008f800000|100%| E|CS|TAMS 0x000000008f700000, 0x000000008f700000| Complete 
| 248|0x000000008f800000, 0x000000008f900000, 0x000000008f900000|100%| E|CS|TAMS 0x000000008f800000, 0x000000008f800000| Complete 
| 249|0x000000008f900000, 0x000000008fa00000, 0x000000008fa00000|100%| E|CS|TAMS 0x000000008f900000, 0x000000008f900000| Complete 
| 250|0x000000008fa00000, 0x000000008fb00000, 0x000000008fb00000|100%| E|CS|TAMS 0x000000008fa00000, 0x000000008fa00000| Complete 
| 251|0x000000008fb00000, 0x000000008fc00000, 0x000000008fc00000|100%| E|CS|TAMS 0x000000008fb00000, 0x000000008fb00000| Complete 
| 252|0x000000008fc00000, 0x000000008fd00000, 0x000000008fd00000|100%| E|CS|TAMS 0x000000008fc00000, 0x000000008fc00000| Complete 
| 253|0x000000008fd00000, 0x000000008fe00000, 0x000000008fe00000|100%| E|CS|TAMS 0x000000008fd00000, 0x000000008fd00000| Complete 
| 254|0x000000008fe00000, 0x000000008ff00000, 0x000000008ff00000|100%| E|CS|TAMS 0x000000008fe00000, 0x000000008fe00000| Complete 
| 255|0x000000008ff00000, 0x0000000090000000, 0x0000000090000000|100%| E|CS|TAMS 0x000000008ff00000, 0x000000008ff00000| Complete 

Card table byte_map: [0x000001d8abaa0000,0x000001d8abea0000] _byte_map_base: 0x000001d8ab6a0000

Marking Bits (Prev, Next): (CMBitMap*) 0x000001d8936f70c0, (CMBitMap*) 0x000001d8936f7088
 Prev Bits: [0x000001d8ae2a0000, 0x000001d8b02a0000)
 Next Bits: [0x000001d8ac2a0000, 0x000001d8ae2a0000)

Polling page: 0x000001d8937a0000

Metaspace:

Usage:
  Non-class:     24.36 MB capacity,    23.80 MB ( 98%) used,   504.93 KB (  2%) free+waste,    67.44 KB ( <1%) overhead. 
      Class:      3.94 MB capacity,     3.65 MB ( 93%) used,   261.34 KB (  6%) free+waste,    34.50 KB ( <1%) overhead. 
       Both:     28.30 MB capacity,    27.45 MB ( 97%) used,   766.27 KB (  3%) free+waste,   101.94 KB ( <1%) overhead. 

Virtual space:
  Non-class space:       26.00 MB reserved,      24.42 MB ( 94%) committed 
      Class space:        1.00 GB reserved,       4.00 MB ( <1%) committed 
             Both:        1.03 GB reserved,      28.42 MB (  3%) committed 

Chunk freelists:
   Non-Class:  0 bytes
       Class:  256 bytes
        Both:  256 bytes

CodeHeap 'non-profiled nmethods': size=120000Kb used=1173Kb max_used=1173Kb free=118826Kb
 bounds [0x000001d8a34e0000, 0x000001d8a3750000, 0x000001d8aaa10000]
CodeHeap 'profiled nmethods': size=120000Kb used=4683Kb max_used=4683Kb free=115316Kb
 bounds [0x000001d89bfb0000, 0x000001d89c450000, 0x000001d8a34e0000]
CodeHeap 'non-nmethods': size=5760Kb used=1167Kb max_used=1205Kb free=4592Kb
 bounds [0x000001d89ba10000, 0x000001d89bc80000, 0x000001d89bfb0000]
 total_blobs=3636 nmethods=2235 adapters=424
 compilation: enabled
              stopped_count=0, restarted_count=0
 full_count=0

Compilation events (10 events):
Event: 5.645 Thread 0x000001d8b3878800 2443       1       java.lang.reflect.Field::getType (5 bytes)
Event: 5.645 Thread 0x000001d8b3878800 nmethod 2443 0x000001d8a35f1e10 code [0x000001d8a35f1fc0, 0x000001d8a35f20d8]
Event: 5.645 Thread 0x000001d8b3878800 2444       3       sun.security.provider.SHA::implCompress (13 bytes)
Event: 5.646 Thread 0x000001d8b3878800 nmethod 2444 0x000001d89c229b90 code [0x000001d89c229d80, 0x000001d89c22a110]
Event: 5.646 Thread 0x000001d8b3878800 2445       3       sun.security.provider.SHA::implCompressCheck (15 bytes)
Event: 5.646 Thread 0x000001d8b3878800 nmethod 2445 0x000001d89c2dbc10 code [0x000001d89c2dbde0, 0x000001d89c2dc0e0]
Event: 5.646 Thread 0x000001d8b3878800 2446       3       java.lang.Class::searchMethods (104 bytes)
Event: 5.647 Thread 0x000001d8b3878800 nmethod 2446 0x000001d89c427610 code [0x000001d89c427880, 0x000001d89c428320]
Event: 5.647 Thread 0x000001d8b3878800 2447       3       java.util.StringJoiner::getChars (15 bytes)
Event: 5.647 Thread 0x000001d8b3878800 nmethod 2447 0x000001d89c2f0110 code [0x000001d89c2f02e0, 0x000001d89c2f0590]

GC Heap History (6 events):
Event: 0.596 GC heap before
{Heap before GC invocations=0 (full 0):
 garbage-first heap   total 262144K, used 29696K [0x0000000080000000, 0x0000000100000000)
  region size 1024K, 24 young (24576K), 0 survivors (0K)
 Metaspace       used 9881K, capacity 10109K, committed 10368K, reserved 1058816K
  class space    used 1017K, capacity 1072K, committed 1152K, reserved 1048576K
}
Event: 0.599 GC heap after
{Heap after GC invocations=1 (full 0):
 garbage-first heap   total 262144K, used 9519K [0x0000000080000000, 0x0000000100000000)
  region size 1024K, 3 young (3072K), 3 survivors (3072K)
 Metaspace       used 9881K, capacity 10109K, committed 10368K, reserved 1058816K
  class space    used 1017K, capacity 1072K, committed 1152K, reserved 1048576K
}
Event: 5.083 GC heap before
{Heap before GC invocations=1 (full 0):
 garbage-first heap   total 262144K, used 110895K [0x0000000080000000, 0x0000000100000000)
  region size 1024K, 103 young (105472K), 3 survivors (3072K)
 Metaspace       used 20703K, capacity 21163K, committed 21296K, reserved 1069056K
  class space    used 2504K, capacity 2665K, committed 2688K, reserved 1048576K
}
Event: 5.088 GC heap after
{Heap after GC invocations=2 (full 0):
 garbage-first heap   total 262144K, used 16980K [0x0000000080000000, 0x0000000100000000)
  region size 1024K, 11 young (11264K), 11 survivors (11264K)
 Metaspace       used 20703K, capacity 21163K, committed 21296K, reserved 1069056K
  class space    used 2504K, capacity 2665K, committed 2688K, reserved 1048576K
}
Event: 5.264 GC heap before
{Heap before GC invocations=3 (full 0):
 garbage-first heap   total 262144K, used 47700K [0x0000000080000000, 0x0000000100000000)
  region size 1024K, 41 young (41984K), 11 survivors (11264K)
 Metaspace       used 23145K, capacity 23738K, committed 23856K, reserved 1071104K
  class space    used 2941K, capacity 3146K, committed 3200K, reserved 1048576K
}
Event: 5.268 GC heap after
{Heap after GC invocations=4 (full 0):
 garbage-first heap   total 262144K, used 18131K [0x0000000080000000, 0x0000000100000000)
  region size 1024K, 2 young (2048K), 2 survivors (2048K)
 Metaspace       used 23145K, capacity 23738K, committed 23856K, reserved 1071104K
  class space    used 2941K, capacity 3146K, committed 3200K, reserved 1048576K
}

Deoptimization events (10 events):
Event: 5.591 Thread 0x000001d8b6982800 Uncommon trap: reason=class_check action=maybe_recompile pc=0x000001d8a3534358 method=java.util.concurrent.ConcurrentHashMap.putVal(Ljava/lang/Object;Ljava/lang/Object;Z)Ljava/lang/Object; @ 242 c2
Event: 5.591 Thread 0x000001d8b928a000 Uncommon trap: reason=class_check action=maybe_recompile pc=0x000001d8a3534358 method=java.util.concurrent.ConcurrentHashMap.putVal(Ljava/lang/Object;Ljava/lang/Object;Z)Ljava/lang/Object; @ 242 c2
Event: 5.591 Thread 0x000001d8b6984800 Uncommon trap: reason=class_check action=maybe_recompile pc=0x000001d8a35342c8 method=java.util.concurrent.ConcurrentHashMap.putVal(Ljava/lang/Object;Ljava/lang/Object;Z)Ljava/lang/Object; @ 159 c2
Event: 5.591 Thread 0x000001d8b6985000 Uncommon trap: reason=class_check action=maybe_recompile pc=0x000001d8a35342c8 method=java.util.concurrent.ConcurrentHashMap.putVal(Ljava/lang/Object;Ljava/lang/Object;Z)Ljava/lang/Object; @ 159 c2
Event: 5.591 Thread 0x000001d8b9286800 Uncommon trap: reason=class_check action=maybe_recompile pc=0x000001d8a35342c8 method=java.util.concurrent.ConcurrentHashMap.putVal(Ljava/lang/Object;Ljava/lang/Object;Z)Ljava/lang/Object; @ 159 c2
Event: 5.595 Thread 0x000001d8b636a800 Uncommon trap: reason=bimorphic_or_optimized_type_check action=maybe_recompile pc=0x000001d8a35dc400 method=java.lang.ClassLoader.loadClass(Ljava/lang/String;Z)Ljava/lang/Class; @ 38 c2
Event: 5.602 Thread 0x000001d8b636a800 Uncommon trap: reason=bimorphic_or_optimized_type_check action=maybe_recompile pc=0x000001d8a35dc400 method=java.lang.ClassLoader.loadClass(Ljava/lang/String;Z)Ljava/lang/Class; @ 38 c2
Event: 5.602 Thread 0x000001d8b636a800 Uncommon trap: reason=bimorphic_or_optimized_type_check action=maybe_recompile pc=0x000001d8a35dc400 method=java.lang.ClassLoader.loadClass(Ljava/lang/String;Z)Ljava/lang/Class; @ 38 c2
Event: 5.603 Thread 0x000001d8b636a800 Uncommon trap: reason=bimorphic_or_optimized_type_check action=maybe_recompile pc=0x000001d8a35dc400 method=java.lang.ClassLoader.loadClass(Ljava/lang/String;Z)Ljava/lang/Class; @ 38 c2
Event: 5.616 Thread 0x000001d8b636a800 Uncommon trap: reason=unstable_if action=reinterpret pc=0x000001d8a3570a60 method=java.util.zip.ZipFile$Source.initCEN(I)V @ 530 c2

Classes redefined (0 events):
No events

Internal exceptions (10 events):
Event: 5.538 Thread 0x000001d8b636a800 Exception <a 'java/lang/NoSuchMethodError'{0x000000008e2fd6f0}: java.lang.invoke.DirectMethodHandle$Holder.invokeVirtual(Ljava/lang/Object;Ljava/lang/Object;Ljava/lang/Object;)I> (0x000000008e2fd6f0) thrown at [t:/workspace/open/src/hotspot/share/interpre
Event: 5.563 Thread 0x000001d8b6986000 Exception <a 'java/lang/NoSuchMethodError'{0x000000008dd8aaf0}: java.lang.invoke.DirectMethodHandle$Holder.invokeSpecial(Ljava/lang/Object;Ljava/lang/Object;)V> (0x000000008dd8aaf0) thrown at [t:/workspace/open/src/hotspot/share/interpreter/linkResolver.c
Event: 5.576 Thread 0x000001d8b636a800 Exception <a 'java/lang/NoSuchMethodError'{0x000000008dd7df60}: java.lang.invoke.DirectMethodHandle$Holder.invokeInterface(Ljava/lang/Object;Ljava/lang/Object;)I> (0x000000008dd7df60) thrown at [t:/workspace/open/src/hotspot/share/interpreter/linkResolver
Event: 5.578 Thread 0x000001d8b636a800 Exception <a 'java/lang/NoSuchMethodError'{0x000000008dc941e0}: java.lang.invoke.DirectMethodHandle$Holder.invokeStatic(Ljava/lang/Object;Ljava/lang/Object;ILjava/lang/Object;)Ljava/lang/Object;> (0x000000008dc941e0) thrown at [t:/workspace/open/src/hotsp
Event: 5.578 Thread 0x000001d8b636a800 Exception <a 'java/lang/NoSuchMethodError'{0x000000008dc9dfd0}: java.lang.invoke.Invokers$Holder.linkToTargetMethod(Ljava/lang/Object;ILjava/lang/Object;Ljava/lang/Object;)Ljava/lang/Object;> (0x000000008dc9dfd0) thrown at [t:/workspace/open/src/hotspot/s
Event: 5.604 Thread 0x000001d8b636a800 Exception <a 'java/lang/NoSuchMethodError'{0x000000008d66ac40}: <clinit>> (0x000000008d66ac40) thrown at [t:/workspace/open/src/hotspot/share/prims/jni.cpp, line 1364]
Event: 5.606 Thread 0x000001d8b636a800 Exception <a 'java/lang/NoSuchMethodError'{0x000000008d6d0128}: <clinit>> (0x000000008d6d0128) thrown at [t:/workspace/open/src/hotspot/share/prims/jni.cpp, line 1364]
Event: 5.616 Thread 0x000001d8b636a800 Implicit null exception at 0x000001d8a356fa23 to 0x000001d8a3570a45
Event: 5.645 Thread 0x000001d8b636a800 Exception <a 'java/lang/NoSuchMethodError'{0x000000008d484e00}: <clinit>> (0x000000008d484e00) thrown at [t:/workspace/open/src/hotspot/share/prims/jni.cpp, line 1364]
Event: 5.646 Thread 0x000001d8b636a800 Exception <a 'java/lang/NoSuchMethodError'{0x000000008d498ec8}: <clinit>> (0x000000008d498ec8) thrown at [t:/workspace/open/src/hotspot/share/prims/jni.cpp, line 1364]

Events (10 events):
Event: 5.644 loading class com/android/tools/idea/gradle/project/sync/SyncActionOptions
Event: 5.644 loading class com/android/tools/idea/gradle/project/sync/SyncActionOptions done
Event: 5.646 loading class com/android/tools/idea/gradle/project/sync/SelectedVariants
Event: 5.646 loading class com/android/tools/idea/gradle/project/sync/SelectedVariants done
Event: 5.646 loading class org/gradle/internal/serialize/TopLevelExceptionPlaceholder
Event: 5.646 loading class org/gradle/internal/serialize/TopLevelExceptionPlaceholder done
Event: 5.647 loading class org/gradle/internal/serialize/ExceptionPlaceholder
Event: 5.647 loading class org/gradle/internal/serialize/ExceptionPlaceholder done
Event: 5.647 loading class org/jetbrains/plugins/gradle/model/ClassSetProjectImportModelProvider
Event: 5.647 loading class org/jetbrains/plugins/gradle/model/ClassSetProjectImportModelProvider done


Dynamic libraries:
0x00007ff77bc50000 - 0x00007ff77bc97000 	C:\Program Files\Java\jdk-11.0.1\bin\java.exe
0x00007fff9e710000 - 0x00007fff9e908000 	C:\Windows\SYSTEM32\ntdll.dll
0x00007fff9ce80000 - 0x00007fff9cf3f000 	C:\Windows\System32\KERNEL32.DLL
0x00007fff9c050000 - 0x00007fff9c322000 	C:\Windows\System32\KERNELBASE.dll
0x00007fff9da20000 - 0x00007fff9dace000 	C:\Windows\System32\ADVAPI32.dll
0x00007fff9dcb0000 - 0x00007fff9dd4e000 	C:\Windows\System32\msvcrt.dll
0x00007fff9cdd0000 - 0x00007fff9ce6c000 	C:\Windows\System32\sechost.dll
0x00007fff9dad0000 - 0x00007fff9dbf5000 	C:\Windows\System32\RPCRT4.dll
0x00007fff9cc30000 - 0x00007fff9cdcd000 	C:\Windows\System32\USER32.dll
0x00007fff9bfd0000 - 0x00007fff9bff2000 	C:\Windows\System32\win32u.dll
0x00007fff9df40000 - 0x00007fff9df6b000 	C:\Windows\System32\GDI32.dll
0x00007fff9c520000 - 0x00007fff9c62f000 	C:\Windows\System32\gdi32full.dll
0x00007fff9be10000 - 0x00007fff9bead000 	C:\Windows\System32\msvcp_win.dll
0x00007fff9c660000 - 0x00007fff9c760000 	C:\Windows\System32\ucrtbase.dll
0x00007fff86ea0000 - 0x00007fff8713a000 	C:\Windows\WinSxS\amd64_microsoft.windows.common-controls_6595b64144ccf1df_6.0.19041.1110_none_60b5254171f9507e\COMCTL32.dll
0x00007fff95e20000 - 0x00007fff95e2a000 	C:\Windows\SYSTEM32\VERSION.dll
0x00007fff9dd70000 - 0x00007fff9dda2000 	C:\Windows\System32\IMM32.DLL
0x00007fff89df0000 - 0x00007fff89e06000 	C:\Program Files\Java\jdk-11.0.1\bin\vcruntime140.dll
0x00007fff70840000 - 0x00007fff708ea000 	C:\Program Files\Java\jdk-11.0.1\bin\msvcp140.dll
0x00007fff69e90000 - 0x00007fff6a9d2000 	C:\Program Files\Java\jdk-11.0.1\bin\server\jvm.dll
0x00007fff9e6c0000 - 0x00007fff9e6c8000 	C:\Windows\System32\PSAPI.DLL
0x00007fff8b530000 - 0x00007fff8b557000 	C:\Windows\SYSTEM32\WINMM.dll
0x00007fff96030000 - 0x00007fff96039000 	C:\Windows\SYSTEM32\WSOCK32.dll
0x00007fff9d6b0000 - 0x00007fff9d71b000 	C:\Windows\System32\WS2_32.dll
0x00007fff9a660000 - 0x00007fff9a672000 	C:\Windows\SYSTEM32\kernel.appcore.dll
0x00007fff89660000 - 0x00007fff89671000 	C:\Program Files\Java\jdk-11.0.1\bin\verify.dll
0x00007fff99a40000 - 0x00007fff99c24000 	C:\Windows\SYSTEM32\DBGHELP.DLL
0x00007fff84220000 - 0x00007fff8424c000 	C:\Windows\SYSTEM32\dbgcore.DLL
0x00007fff9c330000 - 0x00007fff9c3b2000 	C:\Windows\System32\bcryptPrimitives.dll
0x00007fff895e0000 - 0x00007fff89609000 	C:\Program Files\Java\jdk-11.0.1\bin\java.dll
0x00007fff89640000 - 0x00007fff89656000 	C:\Program Files\Java\jdk-11.0.1\bin\zip.dll
0x00007fff97940000 - 0x00007fff9794a000 	C:\Program Files\Java\jdk-11.0.1\bin\jimage.dll
0x00007fff9df70000 - 0x00007fff9e6b3000 	C:\Windows\System32\SHELL32.dll
0x00007fff99eb0000 - 0x00007fff9a642000 	C:\Windows\SYSTEM32\windows.storage.dll
0x00007fff9d340000 - 0x00007fff9d694000 	C:\Windows\System32\combase.dll
0x00007fff9b870000 - 0x00007fff9b8a0000 	C:\Windows\SYSTEM32\Wldp.dll
0x00007fff9dc00000 - 0x00007fff9dcad000 	C:\Windows\System32\SHCORE.dll
0x00007fff9d2e0000 - 0x00007fff9d335000 	C:\Windows\System32\shlwapi.dll
0x00007fff9bd50000 - 0x00007fff9bd6f000 	C:\Windows\SYSTEM32\profapi.dll
0x00007fff889b0000 - 0x00007fff889c9000 	C:\Program Files\Java\jdk-11.0.1\bin\net.dll
0x00007fff8fd10000 - 0x00007fff8fe1c000 	C:\Windows\SYSTEM32\WINHTTP.dll
0x00007fff9b5d0000 - 0x00007fff9b63a000 	C:\Windows\system32\mswsock.dll
0x00007fff88990000 - 0x00007fff889a3000 	C:\Program Files\Java\jdk-11.0.1\bin\nio.dll
0x00007fff8b320000 - 0x00007fff8b347000 	D:\software\gradle\repository\native\e1d6ef7f7dcc3fd88c89a11ec53ec762bb8ba0a96d01ffa2cd45eb1d1d8dd5c5\windows-amd64\native-platform.dll
0x00007fff6e9a0000 - 0x00007fff6eae4000 	D:\software\gradle\repository\native\0d407fdbe67a94daf76414ababcb853783967236a71b16ec16e742cd7a986fd3\windows-amd64\native-platform-file-events.dll
0x00007fff97900000 - 0x00007fff97909000 	C:\Program Files\Java\jdk-11.0.1\bin\management.dll
0x00007fff96520000 - 0x00007fff9652c000 	C:\Program Files\Java\jdk-11.0.1\bin\management_ext.dll
0x00007fff9b7c0000 - 0x00007fff9b7d8000 	C:\Windows\SYSTEM32\CRYPTSP.dll
0x00007fff9ae80000 - 0x00007fff9aeb4000 	C:\Windows\system32\rsaenh.dll
0x00007fff9c630000 - 0x00007fff9c657000 	C:\Windows\System32\bcrypt.dll
0x00007fff9bd10000 - 0x00007fff9bd3e000 	C:\Windows\SYSTEM32\USERENV.dll
0x00007fff9b7e0000 - 0x00007fff9b7ec000 	C:\Windows\SYSTEM32\CRYPTBASE.dll
0x00007fff9b270000 - 0x00007fff9b2ab000 	C:\Windows\SYSTEM32\IPHLPAPI.DLL
0x00007fff9ce70000 - 0x00007fff9ce78000 	C:\Windows\System32\NSI.dll
0x00007fff92b30000 - 0x00007fff92b47000 	C:\Windows\SYSTEM32\dhcpcsvc6.DLL
0x00007fff92b10000 - 0x00007fff92b2d000 	C:\Windows\SYSTEM32\dhcpcsvc.DLL
0x00007fff9b2b0000 - 0x00007fff9b37a000 	C:\Windows\SYSTEM32\DNSAPI.dll

dbghelp: loaded successfully - version: 4.0.5 - missing functions: none
symbol engine: initialized successfully - sym options: 0x614 - pdb path: .;C:\Program Files\Java\jdk-11.0.1\bin;C:\Windows\SYSTEM32;C:\Windows\WinSxS\amd64_microsoft.windows.common-controls_6595b64144ccf1df_6.0.19041.1110_none_60b5254171f9507e;C:\Program Files\Java\jdk-11.0.1\bin\server;D:\software\gradle\repository\native\e1d6ef7f7dcc3fd88c89a11ec53ec762bb8ba0a96d01ffa2cd45eb1d1d8dd5c5\windows-amd64;D:\software\gradle\repository\native\0d407fdbe67a94daf76414ababcb853783967236a71b16ec16e742cd7a986fd3\windows-amd64

VM Arguments:
jvm_args: --add-opens=java.base/java.util=ALL-UNNAMED --add-opens=java.base/java.lang=ALL-UNNAMED --add-opens=java.base/java.lang.invoke=ALL-UNNAMED --add-opens=java.base/java.util=ALL-UNNAMED --add-opens=java.prefs/java.util.prefs=ALL-UNNAMED --add-opens=java.prefs/java.util.prefs=ALL-UNNAMED --add-opens=java.base/java.nio.charset=ALL-UNNAMED --add-opens=java.base/java.net=ALL-UNNAMED --add-opens=java.base/java.util.concurrent.atomic=ALL-UNNAMED -Xmx2048m -Dfile.encoding=utf-8 -Duser.country=CN -Duser.language=zh -Duser.variant 
java_command: org.gradle.launcher.daemon.bootstrap.GradleDaemon 7.5.1
java_class_path (initial): D:\software\gradle\repository\wrapper\dists\gradle-7.5.1-bin\8jx977oazqm89zimfjzwbhkn\gradle-7.5.1\lib\gradle-launcher-7.5.1.jar
Launcher Type: SUN_STANDARD

[Global flags]
     intx CICompilerCount                          = 4                                         {product} {ergonomic}
     uint ConcGCThreads                            = 3                                         {product} {ergonomic}
     uint G1ConcRefinementThreads                  = 10                                        {product} {ergonomic}
   size_t G1HeapRegionSize                         = 1048576                                   {product} {ergonomic}
    uintx GCDrainStackTargetSize                   = 64                                        {product} {ergonomic}
   size_t InitialHeapSize                          = 268435456                                 {product} {ergonomic}
   size_t MarkStackSize                            = 4194304                                   {product} {ergonomic}
   size_t MaxHeapSize                              = 2147483648                                {product} {command line}
   size_t MaxNewSize                               = 1287651328                                {product} {ergonomic}
   size_t MinHeapDeltaBytes                        = 1048576                                   {product} {ergonomic}
    uintx NonNMethodCodeHeapSize                   = 5835340                                {pd product} {ergonomic}
    uintx NonProfiledCodeHeapSize                  = 122911450                              {pd product} {ergonomic}
    uintx ProfiledCodeHeapSize                     = 122911450                              {pd product} {ergonomic}
    uintx ReservedCodeCacheSize                    = 251658240                              {pd product} {ergonomic}
     bool SegmentedCodeCache                       = true                                      {product} {ergonomic}
     bool UseCompressedClassPointers               = true                                 {lp64_product} {ergonomic}
     bool UseCompressedOops                        = true                                 {lp64_product} {ergonomic}
     bool UseG1GC                                  = true                                      {product} {ergonomic}
     bool UseLargePagesIndividualAllocation        = false                                  {pd product} {ergonomic}

Logging:
Log output configuration:
 #0: stdout all=warning uptime,level,tags
 #1: stderr all=off uptime,level,tags

Environment Variables:
JAVA_HOME=C:\Program Files\Java\jdk1.8.0_151
PATH=C:\Program Files (x86)\Common Files\NetSarang;C:\ProgramData\Oracle\Java\javapath;C:\Windows\system32;C:\Windows;C:\Windows\System32\Wbem;C:\Windows\System32\WindowsPowerShell\v1.0\;C:\Windows\System32\OpenSSH\;C:\Program Files (x86)\NVIDIA Corporation\PhysX\Common;C:\Program Files\NVIDIA Corporation\NVIDIA NvDLISR;D:\software\maven\apache-maven-3.6.3\bin;D:\software\svn\bin;D:\software\git\Git\cmd;D:\software\scala\bin;E:\software\xshell7\;E:\software\node\;C:\Users\lvchao\AppData\Local\Microsoft\WindowsApps;D:\software\gradle\gradle-7.2\bin;D:\software\scala\bin;C:\MinGW\bin;E:\software\cygwin\bin;E:\software\cygwin\sbin;E:\software\cygwin\usr\local\bin;C:\Users\lvchao\AppData\Roaming\npm;C:\Program Files\Java\jdk1.8.0_151\bin;
USERNAME=lvchao
OS=Windows_NT
PROCESSOR_IDENTIFIER=Intel64 Family 6 Model 165 Stepping 2, GenuineIntel



---------------  S Y S T E M  ---------------

OS: Windows 10 , 64 bit Build 19041 (10.0.19041.2251)

CPU:total 12 (initial active 12) (6 cores per cpu, 2 threads per core) family 6 model 165 stepping 2, cmov, cx8, fxsr, mmx, sse, sse2, sse3, ssse3, sse4.1, sse4.2, popcnt, avx, avx2, aes, clmul, erms, 3dnowpref, lzcnt, ht, tsc, tscinvbit, bmi1, bmi2, adx, fma

Memory: 4k page, system-wide physical 16291M (2909M free)
TotalPageFile size 27894M (AvailPageFile size 5M)
current process WorkingSet (physical memory assigned to process): 280M, peak: 283M
current process commit charge ("private bytes"): 451M, peak: 453M

vm_info: Java HotSpot(TM) 64-Bit Server VM (11.0.1+13-LTS) for windows-amd64 JRE (11.0.1+13-LTS), built on Oct  6 2018 13:20:16 by "mach5one" with MS VC++ 15.5 (VS2017)

END.
